-------------------------------------------------------------------------------
Test set: com.bridgelabz.fundoonote.UserControllerTest
-------------------------------------------------------------------------------
Tests run: 1, Failures: 0, Errors: 1, Skipped: 0, Time elapsed: 0 s <<< FAILURE! - in com.bridgelabz.fundoonote.UserControllerTest
initializationError(com.bridgelabz.fundoonote.UserControllerTest)  Time elapsed: 0 s  <<< ERROR!
java.lang.Exception: No runnable methods

