-------------------------------------------------------------------------------
Test set: com.bridgelabz.fundoonote.FundoonoteApplicationTests
-------------------------------------------------------------------------------
Tests run: 1, Failures: 0, Errors: 1, Skipped: 0, Time elapsed: 66.122 s <<< FAILURE! - in com.bridgelabz.fundoonote.FundoonoteApplicationTests
contextLoads(com.bridgelabz.fundoonote.FundoonoteApplicationTests)  Time elapsed: 0.027 s  <<< ERROR!
java.lang.IllegalStateException: Failed to load ApplicationContext
Caused by: org.springframework.beans.factory.UnsatisfiedDependencyException: Error creating bean with name 'labelController': Unsatisfied dependency expressed through field 'noteService'; nested exception is org.springframework.beans.factory.UnsatisfiedDependencyException: Error creating bean with name 'noteServiceImplementation': Unsatisfied dependency expressed through field 'customElasticSearchRepository'; nested exception is org.springframework.beans.factory.BeanCreationException: Error creating bean with name 'customElasticSearchRepository': Invocation of init method failed; nested exception is java.lang.IllegalArgumentException: Unsupported ID type interface java.io.Serializable
Caused by: org.springframework.beans.factory.UnsatisfiedDependencyException: Error creating bean with name 'noteServiceImplementation': Unsatisfied dependency expressed through field 'customElasticSearchRepository'; nested exception is org.springframework.beans.factory.BeanCreationException: Error creating bean with name 'customElasticSearchRepository': Invocation of init method failed; nested exception is java.lang.IllegalArgumentException: Unsupported ID type interface java.io.Serializable
Caused by: org.springframework.beans.factory.BeanCreationException: Error creating bean with name 'customElasticSearchRepository': Invocation of init method failed; nested exception is java.lang.IllegalArgumentException: Unsupported ID type interface java.io.Serializable
Caused by: java.lang.IllegalArgumentException: Unsupported ID type interface java.io.Serializable

